INFO  08:19:40 Application started. Press Ctrl+C to shut down.
INFO  08:19:41 Application started. Press Ctrl+C to shut down.
INFO  08:19:41 Hosting environment: Development
INFO  08:19:41 Hosting environment: Development
INFO  08:19:41 Content root path: C:\Users\oliva\OneDrive\Desktop\MailOrder\MailOrder_Pharmacy\Drug API
INFO  08:19:41 Content root path: C:\Users\oliva\OneDrive\Desktop\MailOrder\MailOrder_Pharmacy\Drug API
INFO  08:38:17 Application started. Press Ctrl+C to shut down.
INFO  08:38:17 Application started. Press Ctrl+C to shut down.
INFO  08:38:17 Hosting environment: Development
INFO  08:38:17 Hosting environment: Development
INFO  08:38:17 Content root path: C:\Users\oliva\OneDrive\Desktop\MailOrder\MailOrder_Pharmacy\Drug API
INFO  08:38:17 Content root path: C:\Users\oliva\OneDrive\Desktop\MailOrder\MailOrder_Pharmacy\Drug API
INFO  08:46:50  Http Get Drug Details request
INFO  08:49:01  Http Get Drug Details request
INFO  08:51:00 Application started. Press Ctrl+C to shut down.
INFO  08:51:00 Application started. Press Ctrl+C to shut down.
INFO  08:51:00 Hosting environment: Development
INFO  08:51:00 Hosting environment: Development
INFO  08:51:01 Content root path: C:\Users\oliva\OneDrive\Desktop\MailOrder\MailOrder_Pharmacy\Drug API
INFO  08:51:01 Content root path: C:\Users\oliva\OneDrive\Desktop\MailOrder\MailOrder_Pharmacy\Drug API
INFO  08:54:47 Application started. Press Ctrl+C to shut down.
INFO  08:54:47 Application started. Press Ctrl+C to shut down.
INFO  08:54:47 Hosting environment: Development
INFO  08:54:47 Hosting environment: Development
INFO  08:54:47 Content root path: C:\Users\oliva\OneDrive\Desktop\MailOrder\MailOrder_Pharmacy\Drug API
INFO  08:54:47 Content root path: C:\Users\oliva\OneDrive\Desktop\MailOrder\MailOrder_Pharmacy\Drug API
INFO  08:55:29 Application started. Press Ctrl+C to shut down.
INFO  08:55:29 Application started. Press Ctrl+C to shut down.
INFO  08:55:29 Hosting environment: Development
INFO  08:55:29 Hosting environment: Development
INFO  08:55:29 Content root path: C:\Users\oliva\OneDrive\Desktop\MailOrder\MailOrder_Pharmacy\Drug API
INFO  08:55:29 Content root path: C:\Users\oliva\OneDrive\Desktop\MailOrder\MailOrder_Pharmacy\Drug API
INFO  08:56:15  Http Get Drug Details request
INFO  08:57:12 Application started. Press Ctrl+C to shut down.
INFO  08:57:12 Application started. Press Ctrl+C to shut down.
INFO  08:57:12 Hosting environment: Development
INFO  08:57:12 Hosting environment: Development
INFO  08:57:12 Content root path: C:\Users\oliva\OneDrive\Desktop\MailOrder\MailOrder_Pharmacy\Drug API
INFO  08:57:12 Content root path: C:\Users\oliva\OneDrive\Desktop\MailOrder\MailOrder_Pharmacy\Drug API
INFO  08:57:49  Http Get Drug Details request
INFO  08:59:17 Application started. Press Ctrl+C to shut down.
INFO  08:59:17 Application started. Press Ctrl+C to shut down.
INFO  08:59:17 Hosting environment: Development
INFO  08:59:17 Hosting environment: Development
INFO  08:59:17 Content root path: C:\Users\oliva\OneDrive\Desktop\MailOrder\MailOrder_Pharmacy\Drug API
INFO  08:59:17 Content root path: C:\Users\oliva\OneDrive\Desktop\MailOrder\MailOrder_Pharmacy\Drug API
INFO  08:59:27  Http Drug Details By Name request
INFO  10:33:18 Application started. Press Ctrl+C to shut down.
INFO  10:33:18 Application started. Press Ctrl+C to shut down.
INFO  10:33:18 Hosting environment: Development
INFO  10:33:18 Hosting environment: Development
INFO  10:33:18 Content root path: C:\Users\oliva\OneDrive\Desktop\MailOrder\MailOrder_Pharmacy\Drug API
INFO  10:33:18 Content root path: C:\Users\oliva\OneDrive\Desktop\MailOrder\MailOrder_Pharmacy\Drug API
INFO  10:38:34  Http Drug Details By Name request
INFO  10:39:07  Http Drug Details By Name request
INFO  12:59:17 Application started. Press Ctrl+C to shut down.
INFO  12:59:17 Application started. Press Ctrl+C to shut down.
INFO  12:59:18 Hosting environment: Development
INFO  12:59:18 Hosting environment: Development
INFO  12:59:18 Content root path: C:\Users\oliva\OneDrive\Desktop\MailOrder\MailOrder_Pharmacy\Drug API
INFO  12:59:18 Content root path: C:\Users\oliva\OneDrive\Desktop\MailOrder\MailOrder_Pharmacy\Drug API
INFO  01:06:10 Application started. Press Ctrl+C to shut down.
INFO  01:06:10 Application started. Press Ctrl+C to shut down.
INFO  01:06:10 Hosting environment: Development
INFO  01:06:10 Hosting environment: Development
INFO  01:06:10 Content root path: C:\Users\oliva\OneDrive\Desktop\MailOrder\MailOrder_Pharmacy\Drug API
INFO  01:06:10 Content root path: C:\Users\oliva\OneDrive\Desktop\MailOrder\MailOrder_Pharmacy\Drug API
INFO  10:45:46 Application started. Press Ctrl+C to shut down.
INFO  10:45:47 Application started. Press Ctrl+C to shut down.
INFO  10:45:47 Hosting environment: Development
INFO  10:45:47 Hosting environment: Development
INFO  10:45:47 Content root path: C:\Users\oliva\OneDrive\Desktop\MailOrder\MailOrder_Pharmacy\Drug API
INFO  10:45:47 Content root path: C:\Users\oliva\OneDrive\Desktop\MailOrder\MailOrder_Pharmacy\Drug API
INFO  10:46:50  Http Get Drug Details request
INFO  10:47:06  Http GET Request for Drug Details By Name
INFO  10:49:11  Http GET Request for Drug Details By Name
INFO  10:49:24  Http GET Request for Drug Details By Name
INFO  10:57:29 Application started. Press Ctrl+C to shut down.
INFO  10:57:29 Application started. Press Ctrl+C to shut down.
INFO  10:57:29 Hosting environment: Development
INFO  10:57:29 Hosting environment: Development
INFO  10:57:29 Content root path: C:\Users\oliva\OneDrive\Desktop\MailOrder\MailOrder_Pharmacy\Drug API
INFO  10:57:29 Content root path: C:\Users\oliva\OneDrive\Desktop\MailOrder\MailOrder_Pharmacy\Drug API
INFO  10:58:53  Http Get Drug Details request
INFO  02:04:21 Application started. Press Ctrl+C to shut down.
INFO  02:04:22 Application started. Press Ctrl+C to shut down.
INFO  02:04:22 Hosting environment: Development
INFO  02:04:22 Hosting environment: Development
INFO  02:04:22 Content root path: C:\Users\oliva\OneDrive\Desktop\MailOrder\MailOrder_Pharmacy\Drug API
INFO  02:04:22 Content root path: C:\Users\oliva\OneDrive\Desktop\MailOrder\MailOrder_Pharmacy\Drug API
INFO  02:44:29 Application started. Press Ctrl+C to shut down.
INFO  02:44:29 Application started. Press Ctrl+C to shut down.
INFO  02:44:29 Hosting environment: Development
INFO  02:44:29 Hosting environment: Development
INFO  02:44:29 Content root path: C:\Users\oliva\OneDrive\Desktop\MailOrder\MailOrder_Pharmacy\Drug API
INFO  02:44:29 Content root path: C:\Users\oliva\OneDrive\Desktop\MailOrder\MailOrder_Pharmacy\Drug API
